[2018-09-19 12:06:28] | Текст ошибки: 404 | Файл E:\OSPanel\domains\wtcms.loc\public\index.php | Строка 9
 ================= 
 [2018-09-19 12:06:28] | Текст ошибки: 404 | Файл E:\OSPanel\domains\wtcms.loc\public\index.php | Строка 9
 ================= 
 [2018-09-19 12:08:37] | Текст ошибки: 404 | Файл E:\OSPanel\domains\wtcms.loc\public\index.php | Строка 9
 ================= 
 [2018-09-19 12:15:12] | Текст ошибки: 404 | Файл E:\OSPanel\domains\wtcms.loc\public\index.php | Строка 9
 ================= 
 [2018-09-19 12:15:37] | Текст ошибки: 404 | Файл E:\OSPanel\domains\wtcms.loc\public\index.php | Строка 9
 ================= 
 [2018-09-19 12:15:51] | Текст ошибки: 404 | Файл E:\OSPanel\domains\wtcms.loc\public\index.php | Строка 9
 ================= 
 [2018-09-19 13:32:01] | Текст ошибки: Class 'wcms\Router' not found | Файл E:\OSPanel\domains\wtcms.loc\public\index.php | Строка 7
 ================= 
 [2018-09-19 13:32:31] | Текст ошибки: Class 'wcms\Router' not found | Файл E:\OSPanel\domains\wtcms.loc\public\index.php | Строка 7
 ================= 
 [2018-09-19 13:32:37] | Текст ошибки: Class 'wcms\Router' not found | Файл E:\OSPanel\domains\wtcms.loc\public\index.php | Строка 7
 ================= 
 [2018-09-19 13:35:37] | Текст ошибки: 404 | Файл E:\OSPanel\domains\wtcms.loc\public\index.php | Строка 10
 ================= 
 [2018-09-19 13:36:54] | Текст ошибки: 404 | Файл E:\OSPanel\domains\wtcms.loc\public\index.php | Строка 10
 ================= 
 [2018-09-19 13:53:03] | Текст ошибки: 404 | Файл E:\OSPanel\domains\wtcms.loc\public\index.php | Строка 10
 ================= 
 [2018-09-19 13:53:10] | Текст ошибки: 404 | Файл E:\OSPanel\domains\wtcms.loc\public\index.php | Строка 10
 ================= 
 [2018-09-21 12:28:39] | Текст ошибки: 404 | Файл E:\OSPanel\domains\wtcms.loc\public\index.php | Строка 10
 ================= 
 [2018-09-21 12:28:39] | Текст ошибки: 404 | Файл E:\OSPanel\domains\wtcms.loc\public\index.php | Строка 10
 ================= 
 [2018-09-21 12:50:01] | Текст ошибки: Argument 1 passed to engine\Router::matchRoute() must be of the type string, null given, called in E:\OSPanel\domains\wtcms.loc\engine\core\Router.php on line 48 | Файл E:\OSPanel\domains\wtcms.loc\engine\core\Router.php | Строка 76
 ================= 
 [2018-09-21 12:50:01] | Текст ошибки: Страница не найдена | Файл E:\OSPanel\domains\wtcms.loc\engine\core\Router.php | Строка 66
 ================= 
 [2018-09-21 12:51:05] | Текст ошибки: Argument 1 passed to engine\Router::dispatch() must be of the type array, string given, called in E:\OSPanel\domains\wtcms.loc\engine\core\App.php on line 35 | Файл E:\OSPanel\domains\wtcms.loc\engine\core\Router.php | Строка 43
 ================= 
 [2018-09-21 12:51:49] | Текст ошибки: Argument 1 passed to engine\Router::matchRoute() must be of the type string, null given, called in E:\OSPanel\domains\wtcms.loc\engine\core\Router.php on line 48 | Файл E:\OSPanel\domains\wtcms.loc\engine\core\Router.php | Строка 76
 ================= 
 [2018-09-21 12:52:12] | Текст ошибки: Argument 1 passed to engine\Router::matchRoute() must be of the type array, null given, called in E:\OSPanel\domains\wtcms.loc\engine\core\Router.php on line 48 | Файл E:\OSPanel\domains\wtcms.loc\engine\core\Router.php | Строка 76
 ================= 
 [2018-09-21 12:52:46] | Текст ошибки: Argument 1 passed to engine\Router::matchRoute() must be of the type string, null given, called in E:\OSPanel\domains\wtcms.loc\engine\core\Router.php on line 48 | Файл E:\OSPanel\domains\wtcms.loc\engine\core\Router.php | Строка 76
 ================= 
 [2018-09-21 12:53:45] | Текст ошибки: Argument 1 passed to engine\Router::matchRoute() must be of the type string, null given, called in E:\OSPanel\domains\wtcms.loc\engine\core\Router.php on line 48 | Файл E:\OSPanel\domains\wtcms.loc\engine\core\Router.php | Строка 76
 ================= 
 [2018-09-21 12:54:22] | Текст ошибки: Argument 1 passed to engine\Router::matchRoute() must be of the type string, null given, called in E:\OSPanel\domains\wtcms.loc\engine\core\Router.php on line 48 | Файл E:\OSPanel\domains\wtcms.loc\engine\core\Router.php | Строка 76
 ================= 
 [2018-09-21 12:56:32] | Текст ошибки: Контроллер app\controllers\MainController не найден | Файл E:\OSPanel\domains\wtcms.loc\engine\core\Router.php | Строка 63
 ================= 
 [2018-09-21 12:58:17] | Текст ошибки: Метод app\controllers\MainController::indexAction не найден | Файл E:\OSPanel\domains\wtcms.loc\engine\core\Router.php | Строка 60
 ================= 
 [2018-09-21 12:59:05] | Текст ошибки: Call to undefined method app\controllers\MainController::getView() | Файл E:\OSPanel\domains\wtcms.loc\engine\core\Router.php | Строка 58
 ================= 
 [2018-09-21 13:19:53] | Текст ошибки: Call to undefined method app\controllers\MainController::getView() | Файл E:\OSPanel\domains\wtcms.loc\engine\core\Router.php | Строка 58
 ================= 
 [2018-09-21 13:21:18] | Текст ошибки: Call to undefined method app\controllers\MainController::getView() | Файл E:\OSPanel\domains\wtcms.loc\engine\core\Router.php | Строка 58
 ================= 
 [2018-09-21 13:23:11] | Текст ошибки: Call to undefined method app\controllers\MainController::getView() | Файл E:\OSPanel\domains\wtcms.loc\engine\core\Router.php | Строка 58
 ================= 
 [2018-09-21 13:23:33] | Текст ошибки: Call to undefined method app\controllers\MainController::getView() | Файл E:\OSPanel\domains\wtcms.loc\engine\core\Router.php | Строка 59
 ================= 
 [2018-09-21 13:26:44] | Текст ошибки: Class 'app\controllers\AppModel' not found | Файл E:\OSPanel\domains\wtcms.loc\app\controllers\AppController.php | Строка 18
 ================= 
 [2018-09-21 13:27:20] | Текст ошибки: Class 'engine\base\Db' not found | Файл E:\OSPanel\domains\wtcms.loc\engine\core\base\Model.php | Строка 55
 ================= 
 [2018-09-21 13:28:12] | Текст ошибки: Контроллер app\controllers\UserController не найден | Файл E:\OSPanel\domains\wtcms.loc\engine\core\Router.php | Строка 63
 ================= 
 [2018-09-21 13:30:26] | Текст ошибки: Class 'app\controllers\R' not found | Файл E:\OSPanel\domains\wtcms.loc\app\controllers\MainController.php | Строка 15
 ================= 
 [2018-09-21 13:31:48] | Текст ошибки: Class 'app\controllers\R' not found | Файл E:\OSPanel\domains\wtcms.loc\app\controllers\MainController.php | Строка 15
 ================= 
 [2018-09-21 13:33:45] | Текст ошибки: Class 'app\controllers\R' not found | Файл E:\OSPanel\domains\wtcms.loc\app\controllers\MainController.php | Строка 15
 ================= 
 [2018-09-21 13:34:14] | Текст ошибки: Class 'app\controllers\R' not found | Файл E:\OSPanel\domains\wtcms.loc\app\controllers\MainController.php | Строка 15
 ================= 
 [2018-09-21 13:48:21] | Текст ошибки: preg_match() expects parameter 2 to be string, null given | Файл E:\OSPanel\domains\wtcms.loc\engine\core\Router.php | Строка 81
 ================= 
 [2018-09-21 13:50:04] | Текст ошибки: preg_match() expects parameter 2 to be string, null given | Файл E:\OSPanel\domains\wtcms.loc\engine\core\Router.php | Строка 81
 ================= 
 [2018-09-21 13:51:18] | Текст ошибки: preg_match() expects parameter 2 to be string, null given | Файл E:\OSPanel\domains\wtcms.loc\engine\core\Router.php | Строка 81
 ================= 
 [2018-09-21 13:54:11] | Текст ошибки: preg_match() expects parameter 2 to be string, null given | Файл E:\OSPanel\domains\wtcms.loc\engine\core\Router.php | Строка 81
 ================= 
 [2018-09-21 13:54:29] | Текст ошибки: Страница не найдена | Файл E:\OSPanel\domains\wtcms.loc\engine\core\Router.php | Строка 66
 ================= 
 [2018-09-21 13:55:35] | Текст ошибки: Argument 1 passed to engine\Router::matchRoute() must be of the type string, null given, called in E:\OSPanel\domains\wtcms.loc\engine\core\Router.php on line 48 | Файл E:\OSPanel\domains\wtcms.loc\engine\core\Router.php | Строка 76
 ================= 
 [2018-09-21 13:56:02] | Текст ошибки: Argument 1 passed to engine\Router::matchRoute() must be of the type string, null given, called in E:\OSPanel\domains\wtcms.loc\engine\core\Router.php on line 48 | Файл E:\OSPanel\domains\wtcms.loc\engine\core\Router.php | Строка 76
 ================= 
 [2018-09-21 13:56:15] | Текст ошибки: Argument 1 passed to engine\Router::matchRoute() must be of the type string, null given, called in E:\OSPanel\domains\wtcms.loc\engine\core\Router.php on line 48 | Файл E:\OSPanel\domains\wtcms.loc\engine\core\Router.php | Строка 76
 ================= 
 [2018-09-21 13:56:40] | Текст ошибки: Argument 1 passed to engine\Router::matchRoute() must be of the type string, null given, called in E:\OSPanel\domains\wtcms.loc\engine\core\Router.php on line 48 | Файл E:\OSPanel\domains\wtcms.loc\engine\core\Router.php | Строка 76
 ================= 
 [2018-09-21 13:56:56] | Текст ошибки: Argument 1 passed to engine\Router::matchRoute() must be of the type string, null given, called in E:\OSPanel\domains\wtcms.loc\engine\core\Router.php on line 48 | Файл E:\OSPanel\domains\wtcms.loc\engine\core\Router.php | Строка 76
 ================= 
 [2018-09-21 13:57:54] | Текст ошибки: Call to undefined function engine\string() | Файл E:\OSPanel\domains\wtcms.loc\engine\core\App.php | Строка 35
 ================= 
 [2018-09-21 13:58:51] | Текст ошибки: preg_match() expects parameter 2 to be string, null given | Файл E:\OSPanel\domains\wtcms.loc\engine\core\Router.php | Строка 81
 ================= 
 [2018-09-21 13:59:01] | Текст ошибки: preg_match() expects parameter 2 to be string, null given | Файл E:\OSPanel\domains\wtcms.loc\engine\core\Router.php | Строка 81
 ================= 
 [2018-09-21 13:59:18] | Текст ошибки: Argument 1 passed to engine\Router::matchRoute() must be of the type string, null given, called in E:\OSPanel\domains\wtcms.loc\engine\core\Router.php on line 48 | Файл E:\OSPanel\domains\wtcms.loc\engine\core\Router.php | Строка 76
 ================= 
 [2018-09-21 13:59:39] | Текст ошибки: Argument 1 passed to engine\Router::matchRoute() must be of the type string, null given, called in E:\OSPanel\domains\wtcms.loc\engine\core\Router.php on line 48 | Файл E:\OSPanel\domains\wtcms.loc\engine\core\Router.php | Строка 76
 ================= 
 [2018-09-21 13:59:55] | Текст ошибки: preg_match() expects parameter 2 to be string, null given | Файл E:\OSPanel\domains\wtcms.loc\engine\core\Router.php | Строка 81
 ================= 
 [2018-09-21 14:00:33] | Текст ошибки: preg_match() expects parameter 2 to be string, null given | Файл E:\OSPanel\domains\wtcms.loc\engine\core\Router.php | Строка 82
 ================= 
 [2018-09-21 14:01:19] | Текст ошибки: Не найден вид E:\OSPanel\domains\wtcms.loc/app/views/User/logout.php | Файл E:\OSPanel\domains\wtcms.loc\engine\core\base\View.php | Строка 100
 ================= 
 [2018-09-21 14:02:06] | Текст ошибки: Class 'engine\base\Validator' not found | Файл E:\OSPanel\domains\wtcms.loc\engine\core\base\Model.php | Строка 63
 ================= 
 [2018-09-23 11:00:40] | Текст ошибки: Class 'RedBeanPHP\R' not found | Файл /opt/lampp/htdocs/wtcms.loc/engine/core/Database.php | Строка 24
 ================= 
 [2018-09-23 11:01:17] | Текст ошибки: Class 'R' not found | Файл /opt/lampp/htdocs/wtcms.loc/engine/core/Database.php | Строка 24
 ================= 
 [2018-09-23 11:13:15] | Текст ошибки: Class 'app\controllers\Pagination' not found | Файл /opt/lampp/htdocs/wtcms.loc/app/controllers/MainController.php | Строка 19
 ================= 
 [2018-09-23 11:15:45] | Текст ошибки: Не найден вид /opt/lampp/htdocs/wtcms.loc/app/views/User/logout.php | Файл /opt/lampp/htdocs/wtcms.loc/engine/core/base/View.php | Строка 100
 ================= 
 [2018-09-23 11:15:45] | Текст ошибки: Страница не найдена | Файл /opt/lampp/htdocs/wtcms.loc/engine/core/Router.php | Строка 66
 ================= 
 [2018-09-23 11:15:48] | Текст ошибки: Страница не найдена | Файл /opt/lampp/htdocs/wtcms.loc/engine/core/Router.php | Строка 66
 ================= 
 [2018-09-23 11:27:23] | Текст ошибки: Return value of engine\libs\Pagination::getCountPages() must be of the type integer, float returned | Файл /opt/lampp/htdocs/wtcms.loc/engine/core/libs/Pagination.php | Строка 97
 ================= 
 [2018-09-23 11:28:08] | Текст ошибки: Return value of engine\libs\Pagination::getCountPages() must be of the type integer, float returned | Файл /opt/lampp/htdocs/wtcms.loc/engine/core/libs/Pagination.php | Строка 97
 ================= 
 [2018-09-23 12:02:23] | Текст ошибки: Call to undefined method engine\Database::instance() | Файл /opt/lampp/htdocs/fw.loc/engine/core/base/Model.php | Строка 39
 ================= 
 [2018-09-23 12:02:24] | Текст ошибки: Страница не найдена | Файл /opt/lampp/htdocs/fw.loc/engine/core/Router.php | Строка 66
 ================= 
 [2018-09-23 12:26:31] | Текст ошибки: Too few arguments to function engine\Database::__construct(), 0 passed in /opt/lampp/htdocs/fw.loc/engine/core/base/Model.php on line 39 and exactly 1 expected | Файл /opt/lampp/htdocs/fw.loc/engine/core/Database.php | Строка 52
 ================= 
 [2018-09-23 12:33:38] | Текст ошибки: Too few arguments to function engine\Database::__construct(), 0 passed in /opt/lampp/htdocs/fw.loc/app/controllers/MainController.php on line 26 and exactly 1 expected | Файл /opt/lampp/htdocs/fw.loc/engine/core/Database.php | Строка 52
 ================= 
 [2018-09-23 12:34:54] | Текст ошибки: Call to a member function query() on null | Файл /opt/lampp/htdocs/fw.loc/app/controllers/MainController.php | Строка 27
 ================= 
 [2018-09-23 12:35:26] | Текст ошибки: Call to a member function query() on null | Файл /opt/lampp/htdocs/fw.loc/app/controllers/MainController.php | Строка 27
 ================= 
 [2018-09-23 12:41:44] | Текст ошибки: Call to a member function query() on null | Файл /opt/lampp/htdocs/fw.loc/app/controllers/MainController.php | Строка 27
 ================= 
 [2018-09-23 12:44:40] | Текст ошибки: Call to undefined method app\models\User::query() | Файл /opt/lampp/htdocs/fw.loc/app/controllers/MainController.php | Строка 27
 ================= 
 [2018-09-23 12:45:22] | Текст ошибки: Call to undefined method app\models\User::query() | Файл /opt/lampp/htdocs/fw.loc/app/controllers/MainController.php | Строка 27
 ================= 
 [2018-09-23 13:12:30] | Текст ошибки: Return value of app\models\Post::count() must be of the type integer, array returned | Файл /opt/lampp/htdocs/fw.loc/app/models/Post.php | Строка 20
 ================= 
 [2018-09-23 13:12:54] | Текст ошибки: Undefined class constant 'FETCH_ROW' | Файл /opt/lampp/htdocs/fw.loc/app/models/Post.php | Строка 20
 ================= 
 [2018-09-23 13:17:00] | Текст ошибки: Call to a member function fetchColumn() on array | Файл /opt/lampp/htdocs/fw.loc/app/models/Post.php | Строка 20
 ================= 
 [2018-09-23 13:17:28] | Текст ошибки: Call to a member function fetchColumn() on array | Файл /opt/lampp/htdocs/fw.loc/app/models/Post.php | Строка 20
 ================= 
 [2018-09-23 13:17:45] | Текст ошибки: Call to a member function fetchColumn() on array | Файл /opt/lampp/htdocs/fw.loc/app/models/Post.php | Строка 20
 ================= 
 [2018-09-23 13:17:59] | Текст ошибки: Call to a member function fetchColumn() on array | Файл /opt/lampp/htdocs/fw.loc/app/models/Post.php | Строка 20
 ================= 
 [2018-09-23 13:18:28] | Текст ошибки: Call to a member function fetch() on array | Файл /opt/lampp/htdocs/fw.loc/app/models/Post.php | Строка 20
 ================= 
 [2018-09-23 14:02:50] | Текст ошибки: Return value of engine\base\Model::validate() must be of the type boolean, none returned | Файл /opt/lampp/htdocs/fw.loc/engine/core/base/Model.php | Строка 75
 ================= 
 [2018-09-23 14:16:39] | Текст ошибки: Call to undefined method engine\libs\Validator::validate() | Файл /opt/lampp/htdocs/fw.loc/engine/core/base/Model.php | Строка 68
 ================= 
 [2018-09-23 14:18:22] | Текст ошибки: Call to undefined method engine\libs\Validator::errors() | Файл /opt/lampp/htdocs/fw.loc/engine/core/base/Model.php | Строка 72
 ================= 
 [2018-09-23 14:29:20] | Текст ошибки: Class 'engine\base\Validator' not found | Файл /opt/lampp/htdocs/fw.loc/engine/core/base/Model.php | Строка 66
 ================= 
 [2018-09-23 14:38:59] | Текст ошибки: Call to undefined method app\models\User::save() | Файл /opt/lampp/htdocs/fw.loc/app/controllers/UserController.php | Строка 30
 ================= 
 [2018-09-23 14:51:32] | Текст ошибки: Class 'engine\base\V' not found | Файл /opt/lampp/htdocs/fw.loc/engine/core/base/Model.php | Строка 60
 ================= 
 [2018-09-23 15:03:05] | Текст ошибки: Class 'engine\base\R' not found | Файл /opt/lampp/htdocs/fw.loc/engine/core/base/Model.php | Строка 78
 ================= 
 [2018-09-23 16:06:44] | Текст ошибки: Не найден вид /opt/lampp/htdocs/fw.loc/app/views/User/logout.php | Файл /opt/lampp/htdocs/fw.loc/engine/core/base/View.php | Строка 100
 ================= 
 [2018-09-23 16:06:45] | Текст ошибки: Страница не найдена | Файл /opt/lampp/htdocs/fw.loc/engine/core/Router.php | Строка 66
 ================= 
 [2018-09-23 16:06:47] | Текст ошибки: Страница не найдена | Файл /opt/lampp/htdocs/fw.loc/engine/core/Router.php | Строка 66
 ================= 
 [2018-09-23 16:09:12] | Текст ошибки: Не найден вид /opt/lampp/htdocs/fw.loc/app/views/User/logout.php | Файл /opt/lampp/htdocs/fw.loc/engine/core/base/View.php | Строка 100
 ================= 
 [2018-09-23 16:13:45] | Текст ошибки: Не найден вид /opt/lampp/htdocs/fw.loc/app/views/User/logout.php | Файл /opt/lampp/htdocs/fw.loc/engine/core/base/View.php | Строка 100
 ================= 
 [2018-09-23 16:15:51] | Текст ошибки: Не найден вид /opt/lampp/htdocs/fw.loc/app/views/User/logout.php | Файл /opt/lampp/htdocs/fw.loc/engine/core/base/View.php | Строка 100
 ================= 
 [2018-09-23 16:56:20] | Текст ошибки: Не найден вид /opt/lampp/htdocs/fw.loc/app/views/User/logout.php | Файл /opt/lampp/htdocs/fw.loc/engine/core/base/View.php | Строка 100
 ================= 
 [2018-09-23 16:56:33] | Текст ошибки: Не найден вид /opt/lampp/htdocs/fw.loc/app/views/User/logout.php | Файл /opt/lampp/htdocs/fw.loc/engine/core/base/View.php | Строка 100
 ================= 
 [2018-09-23 16:56:38] | Текст ошибки: Не найден вид /opt/lampp/htdocs/fw.loc/app/views/User/logout.php | Файл /opt/lampp/htdocs/fw.loc/engine/core/base/View.php | Строка 100
 ================= 
 [2018-09-23 16:57:40] | Текст ошибки: Не найден вид /opt/lampp/htdocs/fw.loc/app/views/User/logout.php | Файл /opt/lampp/htdocs/fw.loc/engine/core/base/View.php | Строка 100
 ================= 
 [2018-09-24 08:27:50] | Текст ошибки: Страница не найдена | Файл E:\OSPanel\domains\fw.loc\engine\core\Router.php | Строка 66
 ================= 
 [2018-09-24 14:31:26] | Текст ошибки: Страница не найдена | Файл E:\OSPanel\domains\fw.loc\engine\core\Router.php | Строка 66
 ================= 
 [2018-09-24 15:07:35] | Текст ошибки: Страница не найдена | Файл E:\OSPanel\domains\fw.loc\engine\core\Router.php | Строка 66
 ================= 
 [2018-09-24 15:08:10] | Текст ошибки: Страница не найдена | Файл E:\OSPanel\domains\fw.loc\engine\core\Router.php | Строка 66
 ================= 
 [2018-09-25 08:24:28] | Текст ошибки: Страница не найдена | Файл E:\OSPanel\domains\fw.loc\engine\core\Router.php | Строка 66
 ================= 
 [2018-09-25 09:34:13] | Текст ошибки: syntax error, unexpected '(', expecting variable (T_VARIABLE) or '$' | Файл E:\OSPanel\domains\fw.loc\app\views\Main\index.php | Строка 14
 ================= 
 [2018-09-25 09:35:38] | Текст ошибки: Class 'R' not found | Файл E:\OSPanel\domains\fw.loc\app\widgets\menu\Menu.php | Строка 43
 ================= 
 [2018-09-25 09:45:58] | Текст ошибки: Class 'app\widgets\menu\Menu' not found | Файл E:\OSPanel\domains\fw.loc\app\views\Main\index.php | Строка 14
 ================= 
 [2018-09-25 10:11:44] | Текст ошибки: Страница не найдена | Файл E:\OSPanel\domains\fw.loc\engine\core\Router.php | Строка 66
 ================= 
 [2018-09-25 10:11:44] | Текст ошибки: Страница не найдена | Файл E:\OSPanel\domains\fw.loc\engine\core\Router.php | Строка 66
 ================= 
 [2018-09-25 10:11:45] | Текст ошибки: Страница не найдена | Файл E:\OSPanel\domains\fw.loc\engine\core\Router.php | Строка 66
 ================= 
 [2018-09-25 10:15:27] | Текст ошибки: Return value of engine\Cache::get() must be of the type boolean, array returned | Файл E:\OSPanel\domains\fw.loc\engine\core\Cache.php | Строка 46
 ================= 
 [2018-09-25 10:16:39] | Текст ошибки: Return value of engine\Cache::get() must be of the type boolean, array returned | Файл E:\OSPanel\domains\fw.loc\engine\core\Cache.php | Строка 46
 ================= 
 [2018-09-25 10:17:12] | Текст ошибки: Return value of engine\Cache::get() must be of the type boolean, array returned | Файл E:\OSPanel\domains\fw.loc\engine\core\Cache.php | Строка 46
 ================= 
 [2018-09-25 10:22:20] | Текст ошибки: Return value of engine\Cache::get() must be of the type boolean, array returned | Файл E:\OSPanel\domains\fw.loc\engine\core\Cache.php | Строка 46
 ================= 
 [2018-09-25 10:22:20] | Текст ошибки: Страница не найдена | Файл E:\OSPanel\domains\fw.loc\engine\core\Router.php | Строка 66
 ================= 
 [2018-09-25 10:22:31] | Текст ошибки: Return value of engine\Cache::get() must be of the type boolean, array returned | Файл E:\OSPanel\domains\fw.loc\engine\core\Cache.php | Строка 46
 ================= 
 [2018-09-25 10:22:51] | Текст ошибки: Return value of engine\Cache::get() must be of the type boolean, array returned | Файл E:\OSPanel\domains\fw.loc\engine\core\Cache.php | Строка 46
 ================= 
 [2018-09-25 10:22:56] | Текст ошибки: Return value of engine\Cache::get() must be of the type boolean, array returned | Файл E:\OSPanel\domains\fw.loc\engine\core\Cache.php | Строка 46
 ================= 
 